{
    "/Volumes/data/system/Users/rmarganti/code/personal/_packages/re-position/src/types.ts": {
        "path":
            "/Volumes/data/system/Users/rmarganti/code/personal/_packages/re-position/src/types.ts",
        "statementMap": {
            "0": {
                "start": { "line": 30, "column": 0 },
                "end": { "line": 34, "column": 1 }
            },
            "1": {
                "start": { "line": 31, "column": 4 },
                "end": { "line": 31, "column": 29 }
            },
            "2": {
                "start": { "line": 32, "column": 4 },
                "end": { "line": 32, "column": 25 }
            },
            "3": {
                "start": { "line": 33, "column": 4 },
                "end": { "line": 33, "column": 17 }
            }
        },
        "fnMap": {
            "0": {
                "name": "(anonymous_0)",
                "decl": {
                    "start": { "line": 30, "column": 0 },
                    "end": { "line": 30, "column": 11 }
                },
                "loc": {
                    "start": { "line": 30, "column": 30 },
                    "end": { "line": 34, "column": 1 }
                }
            }
        },
        "branchMap": {
            "0": {
                "loc": {
                    "start": { "line": 30, "column": 12 },
                    "end": { "line": 30, "column": 30 }
                },
                "type": "binary-expr",
                "locations": [
                    {
                        "start": { "line": 30, "column": 12 },
                        "end": { "line": 30, "column": 30 }
                    },
                    {
                        "start": { "line": 30, "column": 12 },
                        "end": { "line": 30, "column": 30 }
                    }
                ]
            }
        },
        "s": { "0": 1, "1": 1, "2": 1, "3": 1 },
        "f": { "0": 1 },
        "b": { "0": [1, 1] }
    },
    "/Volumes/data/system/Users/rmarganti/code/personal/_packages/re-position/src/utils.ts": {
        "path":
            "/Volumes/data/system/Users/rmarganti/code/personal/_packages/re-position/src/utils.ts",
        "statementMap": {
            "0": {
                "start": { "line": 13, "column": 34 },
                "end": { "line": 16, "column": 51 }
            },
            "1": {
                "start": { "line": 13, "column": 62 },
                "end": { "line": 16, "column": 51 }
            },
            "2": {
                "start": { "line": 16, "column": 5 },
                "end": { "line": 16, "column": 51 }
            },
            "3": {
                "start": { "line": 21, "column": 37 },
                "end": { "line": 29, "column": 1 }
            },
            "4": {
                "start": { "line": 21, "column": 65 },
                "end": { "line": 29, "column": 1 }
            },
            "5": {
                "start": { "line": 25, "column": 18 },
                "end": { "line": 25, "column": 25 }
            },
            "6": {
                "start": { "line": 26, "column": 18 },
                "end": { "line": 26, "column": 25 }
            },
            "7": {
                "start": { "line": 28, "column": 4 },
                "end": { "line": 28, "column": 52 }
            },
            "8": {
                "start": { "line": 35, "column": 33 },
                "end": { "line": 40, "column": 2 }
            },
            "9": {
                "start": { "line": 35, "column": 69 },
                "end": { "line": 40, "column": 2 }
            },
            "10": {
                "start": { "line": 47, "column": 33 },
                "end": { "line": 68, "column": 1 }
            },
            "11": {
                "start": { "line": 48, "column": 22 },
                "end": { "line": 48, "column": 61 }
            },
            "12": {
                "start": { "line": 50, "column": 4 },
                "end": { "line": 52, "column": 5 }
            },
            "13": {
                "start": { "line": 51, "column": 8 },
                "end": { "line": 51, "column": 17 }
            },
            "14": {
                "start": { "line": 56, "column": 20 },
                "end": { "line": 56, "column": 63 }
            },
            "15": {
                "start": { "line": 58, "column": 4 },
                "end": { "line": 60, "column": 5 }
            },
            "16": {
                "start": { "line": 59, "column": 8 },
                "end": { "line": 59, "column": 17 }
            },
            "17": {
                "start": { "line": 62, "column": 14 },
                "end": { "line": 62, "column": 25 }
            },
            "18": {
                "start": { "line": 63, "column": 14 },
                "end": { "line": 63, "column": 25 }
            },
            "19": {
                "start": { "line": 65, "column": 20 },
                "end": { "line": 65, "column": 36 }
            },
            "20": {
                "start": { "line": 67, "column": 4 },
                "end": { "line": 67, "column": 51 }
            },
            "21": {
                "start": { "line": 74, "column": 28 },
                "end": { "line": 93, "column": 1 }
            },
            "22": {
                "start": { "line": 75, "column": 37 },
                "end": { "line": 78, "column": 5 }
            },
            "23": {
                "start": { "line": 80, "column": 35 },
                "end": { "line": 83, "column": 5 }
            },
            "24": {
                "start": { "line": 85, "column": 4 },
                "end": { "line": 92, "column": 6 }
            },
            "25": {
                "start": { "line": 98, "column": 40 },
                "end": { "line": 99, "column": 55 }
            },
            "26": {
                "start": { "line": 99, "column": 4 },
                "end": { "line": 99, "column": 55 }
            },
            "27": {
                "start": { "line": 104, "column": 21 },
                "end": { "line": 105, "column": 29 }
            },
            "28": {
                "start": { "line": 104, "column": 37 },
                "end": { "line": 104, "column": 58 }
            },
            "29": {
                "start": { "line": 105, "column": 4 },
                "end": { "line": 105, "column": 29 }
            },
            "30": {
                "start": { "line": 110, "column": 39 },
                "end": { "line": 125, "column": 1 }
            },
            "31": {
                "start": { "line": 111, "column": 18 },
                "end": { "line": 111, "column": 56 }
            },
            "32": {
                "start": { "line": 114, "column": 8 },
                "end": { "line": 118, "column": 43 }
            },
            "33": {
                "start": { "line": 120, "column": 4 },
                "end": { "line": 122, "column": 5 }
            },
            "34": {
                "start": { "line": 121, "column": 8 },
                "end": { "line": 121, "column": 42 }
            },
            "35": {
                "start": { "line": 124, "column": 4 },
                "end": { "line": 124, "column": 18 }
            },
            "36": {
                "start": { "line": 134, "column": 31 },
                "end": { "line": 155, "column": 1 }
            },
            "37": {
                "start": { "line": 136, "column": 19 },
                "end": { "line": 136, "column": 48 }
            },
            "38": {
                "start": { "line": 137, "column": 19 },
                "end": { "line": 137, "column": 48 }
            },
            "39": {
                "start": { "line": 141, "column": 4 },
                "end": { "line": 143, "column": 5 }
            },
            "40": {
                "start": { "line": 142, "column": 8 },
                "end": { "line": 142, "column": 21 }
            },
            "41": {
                "start": { "line": 145, "column": 4 },
                "end": { "line": 151, "column": 5 }
            },
            "42": {
                "start": { "line": 145, "column": 19 },
                "end": { "line": 145, "column": 18 }
            },
            "43": {
                "start": { "line": 148, "column": 8 },
                "end": { "line": 150, "column": 9 }
            },
            "44": {
                "start": { "line": 149, "column": 12 },
                "end": { "line": 149, "column": 25 }
            },
            "45": {
                "start": { "line": 154, "column": 4 },
                "end": { "line": 154, "column": 16 }
            },
            "46": {
                "start": { "line": 160, "column": 40 },
                "end": { "line": 172, "column": 11 }
            },
            "47": {
                "start": { "line": 163, "column": 5 },
                "end": { "line": 172, "column": 11 }
            },
            "48": {
                "start": { "line": 164, "column": 4 },
                "end": { "line": 172, "column": 11 }
            },
            "49": {
                "start": { "line": 177, "column": 29 },
                "end": { "line": 180, "column": 2 }
            },
            "50": {
                "start": { "line": 177, "column": 67 },
                "end": { "line": 180, "column": 2 }
            },
            "51": {
                "start": { "line": 185, "column": 30 },
                "end": { "line": 195, "column": 1 }
            },
            "52": {
                "start": { "line": 186, "column": 33 },
                "end": { "line": 186, "column": 66 }
            },
            "53": {
                "start": { "line": 187, "column": 12 },
                "end": { "line": 187, "column": 13 }
            },
            "54": {
                "start": { "line": 187, "column": 15 },
                "end": { "line": 187, "column": 16 }
            },
            "55": {
                "start": { "line": 188, "column": 18 },
                "end": { "line": 188, "column": 42 }
            },
            "56": {
                "start": { "line": 190, "column": 26 },
                "end": { "line": 192, "column": 11 }
            },
            "57": {
                "start": { "line": 194, "column": 4 },
                "end": { "line": 194, "column": 33 }
            },
            "58": {
                "start": { "line": 202, "column": 32 },
                "end": { "line": 223, "column": 1 }
            },
            "59": {
                "start": { "line": 202, "column": 53 },
                "end": { "line": 223, "column": 1 }
            },
            "60": {
                "start": { "line": 205, "column": 4 },
                "end": { "line": 207, "column": 5 }
            },
            "61": {
                "start": { "line": 206, "column": 8 },
                "end": { "line": 206, "column": 21 }
            },
            "62": {
                "start": { "line": 209, "column": 4 },
                "end": { "line": 222, "column": 6 }
            },
            "63": {
                "start": { "line": 211, "column": 31 },
                "end": { "line": 211, "column": 41 }
            },
            "64": {
                "start": { "line": 213, "column": 16 },
                "end": { "line": 215, "column": 32 }
            },
            "65": {
                "start": { "line": 217, "column": 12 },
                "end": { "line": 219, "column": 15 }
            },
            "66": {
                "start": { "line": 241, "column": 54 },
                "end": { "line": 259, "column": 1 }
            },
            "67": {
                "start": { "line": 244, "column": 4 },
                "end": { "line": 246, "column": 5 }
            },
            "68": {
                "start": { "line": 245, "column": 8 },
                "end": { "line": 245, "column": 18 }
            },
            "69": {
                "start": { "line": 248, "column": 23 },
                "end": { "line": 248, "column": 58 }
            },
            "70": {
                "start": { "line": 250, "column": 4 },
                "end": { "line": 258, "column": 8 }
            },
            "71": {
                "start": { "line": 250, "column": 39 },
                "end": { "line": 258, "column": 6 }
            },
            "72": {
                "start": { "line": 261, "column": 23 },
                "end": { "line": 293, "column": 1 }
            },
            "73": {
                "start": { "line": 262, "column": 37 },
                "end": { "line": 265, "column": 5 }
            },
            "74": {
                "start": { "line": 267, "column": 35 },
                "end": { "line": 270, "column": 5 }
            },
            "75": {
                "start": { "line": 272, "column": 20 },
                "end": { "line": 272, "column": 73 }
            },
            "76": {
                "start": { "line": 273, "column": 20 },
                "end": { "line": 273, "column": 73 }
            },
            "77": {
                "start": { "line": 275, "column": 4 },
                "end": { "line": 292, "column": 6 }
            }
        },
        "fnMap": {
            "0": {
                "name": "(anonymous_0)",
                "decl": {
                    "start": { "line": 13, "column": 34 },
                    "end": { "line": 13, "column": 34 }
                },
                "loc": {
                    "start": { "line": 13, "column": 57 },
                    "end": { "line": 16, "column": 51 }
                }
            },
            "1": {
                "name": "(anonymous_1)",
                "decl": {
                    "start": { "line": 13, "column": 62 },
                    "end": { "line": 14, "column": 3 }
                },
                "loc": {
                    "start": { "line": 15, "column": 14 },
                    "end": { "line": 16, "column": 51 }
                }
            },
            "2": {
                "name": "(anonymous_2)",
                "decl": {
                    "start": { "line": 21, "column": 37 },
                    "end": { "line": 21, "column": 37 }
                },
                "loc": {
                    "start": { "line": 21, "column": 60 },
                    "end": { "line": 29, "column": 1 }
                }
            },
            "3": {
                "name": "(anonymous_3)",
                "decl": {
                    "start": { "line": 21, "column": 65 },
                    "end": { "line": 22, "column": 3 }
                },
                "loc": {
                    "start": { "line": 23, "column": 14 },
                    "end": { "line": 29, "column": 1 }
                }
            },
            "4": {
                "name": "(anonymous_4)",
                "decl": {
                    "start": { "line": 35, "column": 33 },
                    "end": { "line": 35, "column": 33 }
                },
                "loc": {
                    "start": { "line": 35, "column": 54 },
                    "end": { "line": 40, "column": 2 }
                }
            },
            "5": {
                "name": "(anonymous_5)",
                "decl": {
                    "start": { "line": 47, "column": 33 },
                    "end": { "line": 47, "column": 33 }
                },
                "loc": {
                    "start": { "line": 47, "column": 54 },
                    "end": { "line": 68, "column": 1 }
                }
            },
            "6": {
                "name": "(anonymous_6)",
                "decl": {
                    "start": { "line": 74, "column": 28 },
                    "end": { "line": 74, "column": 28 }
                },
                "loc": {
                    "start": { "line": 74, "column": 72 },
                    "end": { "line": 93, "column": 1 }
                }
            },
            "7": {
                "name": "(anonymous_7)",
                "decl": {
                    "start": { "line": 98, "column": 40 },
                    "end": { "line": 98, "column": 40 }
                },
                "loc": {
                    "start": { "line": 98, "column": 61 },
                    "end": { "line": 99, "column": 55 }
                }
            },
            "8": {
                "name": "(anonymous_8)",
                "decl": {
                    "start": { "line": 104, "column": 21 },
                    "end": { "line": 104, "column": 21 }
                },
                "loc": {
                    "start": { "line": 104, "column": 58 },
                    "end": { "line": 105, "column": 29 }
                }
            },
            "9": {
                "name": "(anonymous_9)",
                "decl": {
                    "start": { "line": 110, "column": 39 },
                    "end": { "line": 110, "column": 39 }
                },
                "loc": {
                    "start": { "line": 110, "column": 60 },
                    "end": { "line": 125, "column": 1 }
                }
            },
            "10": {
                "name": "(anonymous_10)",
                "decl": {
                    "start": { "line": 134, "column": 31 },
                    "end": { "line": 134, "column": 31 }
                },
                "loc": {
                    "start": { "line": 134, "column": 44 },
                    "end": { "line": 155, "column": 1 }
                }
            },
            "11": {
                "name": "(anonymous_11)",
                "decl": {
                    "start": { "line": 160, "column": 40 },
                    "end": { "line": 161, "column": 3 }
                },
                "loc": {
                    "start": { "line": 162, "column": 23 },
                    "end": { "line": 172, "column": 11 }
                }
            },
            "12": {
                "name": "(anonymous_12)",
                "decl": {
                    "start": { "line": 163, "column": 5 },
                    "end": { "line": 163, "column": 5 }
                },
                "loc": {
                    "start": { "line": 163, "column": 27 },
                    "end": { "line": 172, "column": 11 }
                }
            },
            "13": {
                "name": "(anonymous_13)",
                "decl": {
                    "start": { "line": 177, "column": 29 },
                    "end": { "line": 177, "column": 29 }
                },
                "loc": {
                    "start": { "line": 177, "column": 50 },
                    "end": { "line": 180, "column": 2 }
                }
            },
            "14": {
                "name": "(anonymous_14)",
                "decl": {
                    "start": { "line": 185, "column": 30 },
                    "end": { "line": 185, "column": 30 }
                },
                "loc": {
                    "start": { "line": 185, "column": 51 },
                    "end": { "line": 195, "column": 1 }
                }
            },
            "15": {
                "name": "(anonymous_15)",
                "decl": {
                    "start": { "line": 202, "column": 32 },
                    "end": { "line": 202, "column": 32 }
                },
                "loc": {
                    "start": { "line": 202, "column": 48 },
                    "end": { "line": 223, "column": 1 }
                }
            },
            "16": {
                "name": "(anonymous_16)",
                "decl": {
                    "start": { "line": 202, "column": 53 },
                    "end": { "line": 203, "column": 3 }
                },
                "loc": {
                    "start": { "line": 203, "column": 12 },
                    "end": { "line": 223, "column": 1 }
                }
            },
            "17": {
                "name": "(anonymous_17)",
                "decl": {
                    "start": { "line": 210, "column": 8 },
                    "end": { "line": 210, "column": 8 }
                },
                "loc": {
                    "start": { "line": 210, "column": 21 },
                    "end": { "line": 220, "column": 9 }
                }
            },
            "18": {
                "name": "(anonymous_18)",
                "decl": {
                    "start": { "line": 241, "column": 54 },
                    "end": { "line": 242, "column": 3 }
                },
                "loc": {
                    "start": { "line": 242, "column": 45 },
                    "end": { "line": 259, "column": 1 }
                }
            },
            "19": {
                "name": "(anonymous_19)",
                "decl": {
                    "start": { "line": 250, "column": 26 },
                    "end": { "line": 250, "column": 25 }
                },
                "loc": {
                    "start": { "line": 250, "column": 35 },
                    "end": { "line": 258, "column": 6 }
                }
            },
            "20": {
                "name": "(anonymous_20)",
                "decl": {
                    "start": { "line": 261, "column": 23 },
                    "end": { "line": 261, "column": 23 }
                },
                "loc": {
                    "start": { "line": 261, "column": 67 },
                    "end": { "line": 293, "column": 1 }
                }
            }
        },
        "branchMap": {
            "0": {
                "loc": {
                    "start": { "line": 50, "column": 4 },
                    "end": { "line": 52, "column": 5 }
                },
                "type": "if",
                "locations": [
                    {
                        "start": { "line": 50, "column": 4 },
                        "end": { "line": 52, "column": 5 }
                    },
                    {
                        "start": { "line": 50, "column": 4 },
                        "end": { "line": 52, "column": 5 }
                    }
                ]
            },
            "1": {
                "loc": {
                    "start": { "line": 58, "column": 4 },
                    "end": { "line": 60, "column": 5 }
                },
                "type": "if",
                "locations": [
                    {
                        "start": { "line": 58, "column": 4 },
                        "end": { "line": 60, "column": 5 }
                    },
                    {
                        "start": { "line": 58, "column": 4 },
                        "end": { "line": 60, "column": 5 }
                    }
                ]
            },
            "2": {
                "loc": {
                    "start": { "line": 104, "column": 37 },
                    "end": { "line": 104, "column": 58 }
                },
                "type": "if",
                "locations": [
                    {
                        "start": { "line": 104, "column": 37 },
                        "end": { "line": 104, "column": 58 }
                    },
                    {
                        "start": { "line": 104, "column": 37 },
                        "end": { "line": 104, "column": 58 }
                    }
                ]
            },
            "3": {
                "loc": {
                    "start": { "line": 114, "column": 8 },
                    "end": { "line": 114, "column": 51 }
                },
                "type": "binary-expr",
                "locations": [
                    {
                        "start": { "line": 114, "column": 8 },
                        "end": { "line": 114, "column": 51 }
                    },
                    {
                        "start": { "line": 115, "column": 8 },
                        "end": { "line": 115, "column": 48 }
                    },
                    {
                        "start": { "line": 116, "column": 8 },
                        "end": { "line": 116, "column": 47 }
                    },
                    {
                        "start": { "line": 117, "column": 8 },
                        "end": { "line": 117, "column": 46 }
                    },
                    {
                        "start": { "line": 118, "column": 8 },
                        "end": { "line": 118, "column": 43 }
                    }
                ]
            },
            "4": {
                "loc": {
                    "start": { "line": 120, "column": 4 },
                    "end": { "line": 122, "column": 5 }
                },
                "type": "if",
                "locations": [
                    {
                        "start": { "line": 120, "column": 4 },
                        "end": { "line": 122, "column": 5 }
                    },
                    {
                        "start": { "line": 120, "column": 4 },
                        "end": { "line": 122, "column": 5 }
                    }
                ]
            },
            "5": {
                "loc": {
                    "start": { "line": 141, "column": 4 },
                    "end": { "line": 143, "column": 5 }
                },
                "type": "if",
                "locations": [
                    {
                        "start": { "line": 141, "column": 4 },
                        "end": { "line": 143, "column": 5 }
                    },
                    {
                        "start": { "line": 141, "column": 4 },
                        "end": { "line": 143, "column": 5 }
                    }
                ]
            },
            "6": {
                "loc": {
                    "start": { "line": 148, "column": 8 },
                    "end": { "line": 150, "column": 9 }
                },
                "type": "if",
                "locations": [
                    {
                        "start": { "line": 148, "column": 8 },
                        "end": { "line": 150, "column": 9 }
                    },
                    {
                        "start": { "line": 148, "column": 8 },
                        "end": { "line": 150, "column": 9 }
                    }
                ]
            },
            "7": {
                "loc": {
                    "start": { "line": 165, "column": 10 },
                    "end": { "line": 168, "column": 11 }
                },
                "type": "cond-expr",
                "locations": [
                    {
                        "start": { "line": 165, "column": 10 },
                        "end": { "line": 168, "column": 11 }
                    },
                    {
                        "start": { "line": 169, "column": 10 },
                        "end": { "line": 172, "column": 11 }
                    }
                ]
            },
            "8": {
                "loc": {
                    "start": { "line": 191, "column": 10 },
                    "end": { "line": 191, "column": 47 }
                },
                "type": "cond-expr",
                "locations": [
                    {
                        "start": { "line": 191, "column": 10 },
                        "end": { "line": 191, "column": 47 }
                    },
                    {
                        "start": { "line": 192, "column": 10 },
                        "end": { "line": 192, "column": 11 }
                    }
                ]
            },
            "9": {
                "loc": {
                    "start": { "line": 205, "column": 4 },
                    "end": { "line": 207, "column": 5 }
                },
                "type": "if",
                "locations": [
                    {
                        "start": { "line": 205, "column": 4 },
                        "end": { "line": 207, "column": 5 }
                    },
                    {
                        "start": { "line": 205, "column": 4 },
                        "end": { "line": 207, "column": 5 }
                    }
                ]
            },
            "10": {
                "loc": {
                    "start": { "line": 214, "column": 22 },
                    "end": { "line": 214, "column": 62 }
                },
                "type": "cond-expr",
                "locations": [
                    {
                        "start": { "line": 214, "column": 22 },
                        "end": { "line": 214, "column": 62 }
                    },
                    {
                        "start": { "line": 215, "column": 22 },
                        "end": { "line": 215, "column": 32 }
                    }
                ]
            },
            "11": {
                "loc": {
                    "start": { "line": 244, "column": 4 },
                    "end": { "line": 246, "column": 5 }
                },
                "type": "if",
                "locations": [
                    {
                        "start": { "line": 244, "column": 4 },
                        "end": { "line": 246, "column": 5 }
                    },
                    {
                        "start": { "line": 244, "column": 4 },
                        "end": { "line": 246, "column": 5 }
                    }
                ]
            }
        },
        "s": {
            "0": 1,
            "1": 0,
            "2": 0,
            "3": 1,
            "4": 0,
            "5": 0,
            "6": 0,
            "7": 0,
            "8": 1,
            "9": 0,
            "10": 1,
            "11": 0,
            "12": 0,
            "13": 0,
            "14": 0,
            "15": 0,
            "16": 0,
            "17": 0,
            "18": 0,
            "19": 0,
            "20": 0,
            "21": 1,
            "22": 0,
            "23": 0,
            "24": 0,
            "25": 1,
            "26": 0,
            "27": 1,
            "28": 0,
            "29": 0,
            "30": 1,
            "31": 0,
            "32": 0,
            "33": 0,
            "34": 0,
            "35": 0,
            "36": 1,
            "37": 0,
            "38": 0,
            "39": 0,
            "40": 0,
            "41": 0,
            "42": 0,
            "43": 0,
            "44": 0,
            "45": 0,
            "46": 1,
            "47": 0,
            "48": 0,
            "49": 1,
            "50": 0,
            "51": 1,
            "52": 0,
            "53": 0,
            "54": 0,
            "55": 0,
            "56": 0,
            "57": 0,
            "58": 1,
            "59": 0,
            "60": 0,
            "61": 0,
            "62": 0,
            "63": 0,
            "64": 0,
            "65": 0,
            "66": 1,
            "67": 0,
            "68": 0,
            "69": 0,
            "70": 0,
            "71": 0,
            "72": 1,
            "73": 2,
            "74": 2,
            "75": 2,
            "76": 2,
            "77": 2
        },
        "f": {
            "0": 0,
            "1": 0,
            "2": 0,
            "3": 0,
            "4": 0,
            "5": 0,
            "6": 0,
            "7": 0,
            "8": 0,
            "9": 0,
            "10": 0,
            "11": 0,
            "12": 0,
            "13": 0,
            "14": 0,
            "15": 0,
            "16": 0,
            "17": 0,
            "18": 0,
            "19": 0,
            "20": 2
        },
        "b": {
            "0": [0, 0],
            "1": [0, 0],
            "2": [0, 0],
            "3": [0, 0, 0, 0, 0],
            "4": [0, 0],
            "5": [0, 0],
            "6": [0, 0],
            "7": [0, 0],
            "8": [0, 0],
            "9": [0, 0],
            "10": [0, 0],
            "11": [0, 0]
        }
    }
}
