TN:
SF:/Volumes/data/system/Users/rmarganti/code/personal/_packages/react-positionable/src/types.ts
FN:30,(anonymous_0)
FNF:1
FNH:1
FNDA:1,(anonymous_0)
DA:30,1
DA:31,1
DA:32,1
DA:33,1
LF:4
LH:4
BRDA:30,0,0,1
BRDA:30,0,1,1
BRF:2
BRH:2
end_of_record
TN:
SF:/Volumes/data/system/Users/rmarganti/code/personal/_packages/react-positionable/src/utils.ts
FN:13,(anonymous_0)
FN:13,(anonymous_1)
FN:21,(anonymous_2)
FN:21,(anonymous_3)
FN:35,(anonymous_4)
FN:47,(anonymous_5)
FN:74,(anonymous_6)
FN:98,(anonymous_7)
FN:104,(anonymous_8)
FN:110,(anonymous_9)
FN:134,(anonymous_10)
FN:160,(anonymous_11)
FN:163,(anonymous_12)
FN:177,(anonymous_13)
FN:185,(anonymous_14)
FN:202,(anonymous_15)
FN:202,(anonymous_16)
FN:210,(anonymous_17)
FN:241,(anonymous_18)
FN:250,(anonymous_19)
FN:261,(anonymous_20)
FNF:21
FNH:1
FNDA:0,(anonymous_0)
FNDA:0,(anonymous_1)
FNDA:0,(anonymous_2)
FNDA:0,(anonymous_3)
FNDA:0,(anonymous_4)
FNDA:0,(anonymous_5)
FNDA:0,(anonymous_6)
FNDA:0,(anonymous_7)
FNDA:0,(anonymous_8)
FNDA:0,(anonymous_9)
FNDA:0,(anonymous_10)
FNDA:0,(anonymous_11)
FNDA:0,(anonymous_12)
FNDA:0,(anonymous_13)
FNDA:0,(anonymous_14)
FNDA:0,(anonymous_15)
FNDA:0,(anonymous_16)
FNDA:0,(anonymous_17)
FNDA:0,(anonymous_18)
FNDA:0,(anonymous_19)
FNDA:2,(anonymous_20)
DA:13,1
DA:16,0
DA:21,1
DA:25,0
DA:26,0
DA:28,0
DA:35,1
DA:47,1
DA:48,0
DA:50,0
DA:51,0
DA:56,0
DA:58,0
DA:59,0
DA:62,0
DA:63,0
DA:65,0
DA:67,0
DA:74,1
DA:75,0
DA:80,0
DA:85,0
DA:98,1
DA:99,0
DA:104,1
DA:105,0
DA:110,1
DA:111,0
DA:114,0
DA:120,0
DA:121,0
DA:124,0
DA:134,1
DA:136,0
DA:137,0
DA:141,0
DA:142,0
DA:145,0
DA:148,0
DA:149,0
DA:154,0
DA:160,1
DA:163,0
DA:164,0
DA:177,1
DA:185,1
DA:186,0
DA:187,0
DA:188,0
DA:190,0
DA:194,0
DA:202,1
DA:205,0
DA:206,0
DA:209,0
DA:211,0
DA:213,0
DA:217,0
DA:241,1
DA:244,0
DA:245,0
DA:248,0
DA:250,0
DA:261,1
DA:262,2
DA:267,2
DA:272,2
DA:273,2
DA:275,2
LF:69
LH:20
BRDA:50,0,0,0
BRDA:50,0,1,0
BRDA:58,1,0,0
BRDA:58,1,1,0
BRDA:104,2,0,0
BRDA:104,2,1,0
BRDA:114,3,0,0
BRDA:114,3,1,0
BRDA:114,3,2,0
BRDA:114,3,3,0
BRDA:114,3,4,0
BRDA:120,4,0,0
BRDA:120,4,1,0
BRDA:141,5,0,0
BRDA:141,5,1,0
BRDA:148,6,0,0
BRDA:148,6,1,0
BRDA:165,7,0,0
BRDA:165,7,1,0
BRDA:191,8,0,0
BRDA:191,8,1,0
BRDA:205,9,0,0
BRDA:205,9,1,0
BRDA:214,10,0,0
BRDA:214,10,1,0
BRDA:244,11,0,0
BRDA:244,11,1,0
BRF:27
BRH:0
end_of_record
